{"C:\\Projetos\\Api\\Theft\\api\\src\\controllers\\signup\\signup-controller.ts": {"path":"C:\\Projetos\\Api\\Theft\\api\\src\\controllers\\signup\\signup-controller.ts","statementMap":{"0":{"start":{"line":1,"column":0},"end":{"line":1,"column":65}},"1":{"start":{"line":9,"column":21},"end":{"line":9,"column":52}},"2":{"start":{"line":13,"column":4},"end":{"line":21,"column":null}},"3":{"start":{"line":14,"column":20},"end":{"line":14,"column":67}},"4":{"start":{"line":15,"column":6},"end":{"line":17,"column":null}},"5":{"start":{"line":16,"column":8},"end":{"line":16,"column":null}},"6":{"start":{"line":19,"column":6},"end":{"line":19,"column":null}},"7":{"start":{"line":20,"column":6},"end":{"line":20,"column":null}},"8":{"start":{"line":22,"column":4},"end":{"line":22,"column":null}},"9":{"start":{"line":7,"column":0},"end":{"line":7,"column":13}}},"fnMap":{"0":{"name":"(anonymous_0)","decl":{"start":{"line":8,"column":2},"end":{"line":8,"column":null}},"loc":{"start":{"line":9,"column":52},"end":{"line":10,"column":7}}},"1":{"name":"(anonymous_1)","decl":{"start":{"line":12,"column":2},"end":{"line":12,"column":7}},"loc":{"start":{"line":12,"column":36},"end":{"line":23,"column":3}}}},"branchMap":{"0":{"loc":{"start":{"line":15,"column":6},"end":{"line":17,"column":null}},"type":"if","locations":[{"start":{"line":15,"column":6},"end":{"line":17,"column":null}}]}},"s":{"0":1,"1":3,"2":3,"3":3,"4":2,"5":0,"6":1,"7":1,"8":2,"9":1},"f":{"0":3,"1":3},"b":{"0":[0]}}
,"C:\\Projetos\\Api\\Theft\\api\\src\\helpers\\erros\\invalid-param-error.ts": {"path":"C:\\Projetos\\Api\\Theft\\api\\src\\helpers\\erros\\invalid-param-error.ts","statementMap":{"0":{"start":{"line":3,"column":4},"end":{"line":3,"column":null}},"1":{"start":{"line":4,"column":4},"end":{"line":4,"column":null}},"2":{"start":{"line":1,"column":0},"end":{"line":1,"column":13}}},"fnMap":{"0":{"name":"(anonymous_0)","decl":{"start":{"line":2,"column":2},"end":{"line":2,"column":15}},"loc":{"start":{"line":2,"column":32},"end":{"line":5,"column":3}}}},"branchMap":{},"s":{"0":3,"1":3,"2":1},"f":{"0":3},"b":{}}
,"C:\\Projetos\\Api\\Theft\\api\\src\\helpers\\erros\\missing-param-error.ts": {"path":"C:\\Projetos\\Api\\Theft\\api\\src\\helpers\\erros\\missing-param-error.ts","statementMap":{"0":{"start":{"line":3,"column":4},"end":{"line":3,"column":null}},"1":{"start":{"line":4,"column":4},"end":{"line":4,"column":null}},"2":{"start":{"line":1,"column":0},"end":{"line":1,"column":13}}},"fnMap":{"0":{"name":"(anonymous_0)","decl":{"start":{"line":2,"column":2},"end":{"line":2,"column":15}},"loc":{"start":{"line":2,"column":32},"end":{"line":5,"column":3}}}},"branchMap":{},"s":{"0":9,"1":9,"2":3},"f":{"0":9},"b":{}}
,"C:\\Projetos\\Api\\Theft\\api\\src\\helpers\\erros\\server-error.ts": {"path":"C:\\Projetos\\Api\\Theft\\api\\src\\helpers\\erros\\server-error.ts","statementMap":{"0":{"start":{"line":3,"column":4},"end":{"line":3,"column":null}},"1":{"start":{"line":4,"column":4},"end":{"line":4,"column":null}},"2":{"start":{"line":5,"column":4},"end":{"line":5,"column":null}},"3":{"start":{"line":1,"column":0},"end":{"line":1,"column":13}}},"fnMap":{"0":{"name":"(anonymous_0)","decl":{"start":{"line":2,"column":2},"end":{"line":2,"column":15}},"loc":{"start":{"line":2,"column":36},"end":{"line":6,"column":3}}}},"branchMap":{},"s":{"0":2,"1":2,"2":2,"3":1},"f":{"0":2},"b":{}}
,"C:\\Projetos\\Api\\Theft\\api\\src\\helpers\\erros\\unauthorized-error.ts": {"path":"C:\\Projetos\\Api\\Theft\\api\\src\\helpers\\erros\\unauthorized-error.ts","statementMap":{"0":{"start":{"line":3,"column":4},"end":{"line":3,"column":null}},"1":{"start":{"line":4,"column":4},"end":{"line":4,"column":null}},"2":{"start":{"line":1,"column":0},"end":{"line":1,"column":13}}},"fnMap":{"0":{"name":"(anonymous_0)","decl":{"start":{"line":2,"column":2},"end":{"line":2,"column":null}},"loc":{"start":{"line":2,"column":2},"end":{"line":5,"column":3}}}},"branchMap":{},"s":{"0":0,"1":0,"2":1},"f":{"0":0},"b":{}}
,"C:\\Projetos\\Api\\Theft\\api\\src\\helpers\\http\\http.ts": {"path":"C:\\Projetos\\Api\\Theft\\api\\src\\helpers\\http\\http.ts","statementMap":{"0":{"start":{"line":1,"column":0},"end":{"line":1,"column":51}},"1":{"start":{"line":2,"column":0},"end":{"line":2,"column":63}},"2":{"start":{"line":5,"column":22},"end":{"line":10,"column":1}},"3":{"start":{"line":6,"column":2},"end":{"line":9,"column":null}},"4":{"start":{"line":5,"column":13},"end":{"line":5,"column":22}},"5":{"start":{"line":12,"column":26},"end":{"line":17,"column":1}},"6":{"start":{"line":13,"column":2},"end":{"line":16,"column":null}},"7":{"start":{"line":12,"column":13},"end":{"line":12,"column":26}},"8":{"start":{"line":19,"column":25},"end":{"line":24,"column":1}},"9":{"start":{"line":20,"column":2},"end":{"line":23,"column":null}},"10":{"start":{"line":19,"column":13},"end":{"line":19,"column":25}},"11":{"start":{"line":26,"column":28},"end":{"line":31,"column":1}},"12":{"start":{"line":27,"column":2},"end":{"line":30,"column":null}},"13":{"start":{"line":26,"column":13},"end":{"line":26,"column":28}},"14":{"start":{"line":33,"column":27},"end":{"line":38,"column":1}},"15":{"start":{"line":34,"column":2},"end":{"line":37,"column":null}},"16":{"start":{"line":33,"column":13},"end":{"line":33,"column":27}}},"fnMap":{"0":{"name":"(anonymous_0)","decl":{"start":{"line":5,"column":22},"end":{"line":5,"column":23}},"loc":{"start":{"line":5,"column":50},"end":{"line":10,"column":1}}},"1":{"name":"(anonymous_1)","decl":{"start":{"line":12,"column":26},"end":{"line":12,"column":27}},"loc":{"start":{"line":12,"column":57},"end":{"line":17,"column":1}}},"2":{"name":"(anonymous_2)","decl":{"start":{"line":19,"column":25},"end":{"line":19,"column":26}},"loc":{"start":{"line":19,"column":56},"end":{"line":24,"column":1}}},"3":{"name":"(anonymous_3)","decl":{"start":{"line":26,"column":28},"end":{"line":26,"column":45}},"loc":{"start":{"line":26,"column":47},"end":{"line":31,"column":1}}},"4":{"name":"(anonymous_4)","decl":{"start":{"line":33,"column":27},"end":{"line":33,"column":28}},"loc":{"start":{"line":33,"column":58},"end":{"line":38,"column":1}}}},"branchMap":{},"s":{"0":1,"1":1,"2":1,"3":0,"4":1,"5":1,"6":0,"7":1,"8":1,"9":0,"10":1,"11":1,"12":0,"13":1,"14":1,"15":2,"16":1},"f":{"0":0,"1":0,"2":0,"3":0,"4":2},"b":{}}
,"C:\\Projetos\\Api\\Theft\\api\\src\\validators\\email-validation.ts": {"path":"C:\\Projetos\\Api\\Theft\\api\\src\\validators\\email-validation.ts","statementMap":{"0":{"start":{"line":2,"column":0},"end":{"line":2,"column":72}},"1":{"start":{"line":3,"column":0},"end":{"line":3,"column":33}},"2":{"start":{"line":7,"column":20},"end":{"line":7,"column":50}},"3":{"start":{"line":8,"column":4},"end":{"line":10,"column":null}},"4":{"start":{"line":9,"column":6},"end":{"line":9,"column":null}},"5":{"start":{"line":11,"column":4},"end":{"line":11,"column":null}},"6":{"start":{"line":5,"column":0},"end":{"line":5,"column":13}}},"fnMap":{"0":{"name":"(anonymous_1)","decl":{"start":{"line":6,"column":2},"end":{"line":6,"column":10}},"loc":{"start":{"line":6,"column":22},"end":{"line":12,"column":3}}}},"branchMap":{"0":{"loc":{"start":{"line":8,"column":4},"end":{"line":10,"column":null}},"type":"if","locations":[{"start":{"line":8,"column":4},"end":{"line":10,"column":null}}]}},"s":{"0":1,"1":1,"2":3,"3":3,"4":2,"5":1,"6":1},"f":{"0":3},"b":{"0":[2]}}
,"C:\\Projetos\\Api\\Theft\\api\\src\\validators\\validation-composite.ts": {"path":"C:\\Projetos\\Api\\Theft\\api\\src\\validators\\validation-composite.ts","statementMap":{"0":{"start":{"line":5,"column":21},"end":{"line":5,"column":46}},"1":{"start":{"line":9,"column":4},"end":{"line":14,"column":null}},"2":{"start":{"line":10,"column":20},"end":{"line":10,"column":46}},"3":{"start":{"line":11,"column":6},"end":{"line":13,"column":null}},"4":{"start":{"line":12,"column":8},"end":{"line":12,"column":null}},"5":{"start":{"line":15,"column":4},"end":{"line":15,"column":null}},"6":{"start":{"line":3,"column":0},"end":{"line":3,"column":13}}},"fnMap":{"0":{"name":"(anonymous_0)","decl":{"start":{"line":4,"column":2},"end":{"line":4,"column":null}},"loc":{"start":{"line":5,"column":46},"end":{"line":6,"column":6}}},"1":{"name":"(anonymous_1)","decl":{"start":{"line":8,"column":2},"end":{"line":8,"column":10}},"loc":{"start":{"line":8,"column":22},"end":{"line":16,"column":3}}}},"branchMap":{"0":{"loc":{"start":{"line":11,"column":6},"end":{"line":13,"column":null}},"type":"if","locations":[{"start":{"line":11,"column":6},"end":{"line":13,"column":null}}]}},"s":{"0":5,"1":2,"2":2,"3":2,"4":0,"5":2,"6":2},"f":{"0":5,"1":2},"b":{"0":[0]}}
,"C:\\Projetos\\Api\\Theft\\api\\src\\validators\\validation-required-field.ts": {"path":"C:\\Projetos\\Api\\Theft\\api\\src\\validators\\validation-required-field.ts","statementMap":{"0":{"start":{"line":1,"column":0},"end":{"line":1,"column":72}},"1":{"start":{"line":6,"column":21},"end":{"line":6,"column":39}},"2":{"start":{"line":10,"column":18},"end":{"line":10,"column":40}},"3":{"start":{"line":11,"column":4},"end":{"line":13,"column":null}},"4":{"start":{"line":12,"column":6},"end":{"line":12,"column":null}},"5":{"start":{"line":14,"column":4},"end":{"line":14,"column":null}},"6":{"start":{"line":4,"column":0},"end":{"line":4,"column":13}}},"fnMap":{"0":{"name":"(anonymous_0)","decl":{"start":{"line":5,"column":2},"end":{"line":5,"column":null}},"loc":{"start":{"line":6,"column":39},"end":{"line":7,"column":6}}},"1":{"name":"(anonymous_1)","decl":{"start":{"line":9,"column":2},"end":{"line":9,"column":10}},"loc":{"start":{"line":9,"column":22},"end":{"line":15,"column":3}}}},"branchMap":{"0":{"loc":{"start":{"line":11,"column":4},"end":{"line":13,"column":null}},"type":"if","locations":[{"start":{"line":11,"column":4},"end":{"line":13,"column":null}}]}},"s":{"0":3,"1":10,"2":6,"3":6,"4":4,"5":2,"6":3},"f":{"0":10,"1":6},"b":{"0":[4]}}
}
