TN:
SF:api\src\controllers\signup\signup-controller.ts
FN:8,(anonymous_0)
FN:12,(anonymous_1)
FNF:2
FNH:2
FNDA:3,(anonymous_0)
FNDA:3,(anonymous_1)
DA:1,1
DA:7,1
DA:9,3
DA:13,3
DA:14,3
DA:15,2
DA:16,0
DA:19,1
DA:20,1
DA:22,2
LF:10
LH:9
BRDA:15,0,0,0
BRF:1
BRH:0
end_of_record
TN:
SF:api\src\helpers\erros\invalid-param-error.ts
FN:2,(anonymous_0)
FNF:1
FNH:1
FNDA:3,(anonymous_0)
DA:1,1
DA:3,3
DA:4,3
LF:3
LH:3
BRF:0
BRH:0
end_of_record
TN:
SF:api\src\helpers\erros\missing-param-error.ts
FN:2,(anonymous_0)
FNF:1
FNH:1
FNDA:9,(anonymous_0)
DA:1,3
DA:3,9
DA:4,9
LF:3
LH:3
BRF:0
BRH:0
end_of_record
TN:
SF:api\src\helpers\erros\server-error.ts
FN:2,(anonymous_0)
FNF:1
FNH:1
FNDA:2,(anonymous_0)
DA:1,1
DA:3,2
DA:4,2
DA:5,2
LF:4
LH:4
BRF:0
BRH:0
end_of_record
TN:
SF:api\src\helpers\erros\unauthorized-error.ts
FN:2,(anonymous_0)
FNF:1
FNH:0
FNDA:0,(anonymous_0)
DA:1,1
DA:3,0
DA:4,0
LF:3
LH:1
BRF:0
BRH:0
end_of_record
TN:
SF:api\src\helpers\http\http.ts
FN:5,(anonymous_0)
FN:12,(anonymous_1)
FN:19,(anonymous_2)
FN:26,(anonymous_3)
FN:33,(anonymous_4)
FNF:5
FNH:1
FNDA:0,(anonymous_0)
FNDA:0,(anonymous_1)
FNDA:0,(anonymous_2)
FNDA:0,(anonymous_3)
FNDA:2,(anonymous_4)
DA:1,1
DA:2,1
DA:5,1
DA:6,0
DA:12,1
DA:13,0
DA:19,1
DA:20,0
DA:26,1
DA:27,0
DA:33,1
DA:34,2
LF:12
LH:8
BRF:0
BRH:0
end_of_record
TN:
SF:api\src\validators\email-validation.ts
FN:6,(anonymous_1)
FNF:1
FNH:1
FNDA:3,(anonymous_1)
DA:2,1
DA:3,1
DA:5,1
DA:7,3
DA:8,3
DA:9,2
DA:11,1
LF:7
LH:7
BRDA:8,0,0,2
BRF:1
BRH:1
end_of_record
TN:
SF:api\src\validators\validation-composite.ts
FN:4,(anonymous_0)
FN:8,(anonymous_1)
FNF:2
FNH:2
FNDA:5,(anonymous_0)
FNDA:2,(anonymous_1)
DA:3,2
DA:5,5
DA:9,2
DA:10,2
DA:11,2
DA:12,0
DA:15,2
LF:7
LH:6
BRDA:11,0,0,0
BRF:1
BRH:0
end_of_record
TN:
SF:api\src\validators\validation-required-field.ts
FN:5,(anonymous_0)
FN:9,(anonymous_1)
FNF:2
FNH:2
FNDA:10,(anonymous_0)
FNDA:6,(anonymous_1)
DA:1,3
DA:4,3
DA:6,10
DA:10,6
DA:11,6
DA:12,4
DA:14,2
LF:7
LH:7
BRDA:11,0,0,4
BRF:1
BRH:1
end_of_record
